<?xml version="1.0" encoding="UTF-8"?>
<!-- Generated by org.testng.reporters.JUnitXMLReporter -->
<testsuite ignored="0" hostname="LAPTOP-2Q47I0S4" failures="0" tests="6" name="Default test" time="114.485" errors="0" timestamp="2020-11-26T13:19:48 IST">
  <testcase classname="mavenProject.googleLogin.TestNG" name="bothValid" time="7.232"/>
  <testcase classname="mavenProject.googleLogin.TestNG" name="invalidpassword" time="2.524"/>
  <testcase classname="mavenProject.googleLogin.TestNG" name="invalidUsername" time="0.915"/>
  <testcase classname="mavenProject.googleLogin.TestNG" name="bothInvalid" time="0.77"/>
  <testcase classname="mavenProject.googleLogin.TestNG" name="clickNextPassword" time="1.975"/>
  <testcase classname="mavenProject.googleLogin.TestNG" name="clickNextUsername" time="0.151"/>
</testsuite> <!-- Default test -->
