<?xml version="1.0" encoding="UTF-8"?>
<!-- Generated by org.testng.reporters.JUnitXMLReporter -->
<testsuite ignored="2" hostname="LAPTOP-2Q47I0S4" failures="2" tests="4" name="Test" time="28.472" errors="0" timestamp="2020-12-01T13:29:27 IST">
  <testcase classname="mavenProject.googleLogin.TestEnvironment" name="@BeforeMethod testEnvironment" time="13.502">
    <failure type="org.openqa.selenium.SessionNotCreatedException" message="session not created
from chrome not reachable
  (Session info: chrome=87.0.4280.66)
Build info: version: &amp;apos;3.141.59&amp;apos;, revision: &amp;apos;e82be7d358&amp;apos;, time: &amp;apos;2018-11-14T08:17:03&amp;apos;
System info: host: &amp;apos;LAPTOP-2Q47I0S4&amp;apos;, ip: &amp;apos;192.168.1.4&amp;apos;, os.name: &amp;apos;Windows 10&amp;apos;, os.arch: &amp;apos;amd64&amp;apos;, os.version: &amp;apos;10.0&amp;apos;, java.version: &amp;apos;11.0.8&amp;apos;
Driver info: driver.version: ChromeDriver
remote stacktrace: Backtrace:
	Ordinal0 [0x011BECE3+3337443]
	Ordinal0 [0x0109F041+2158657]
	Ordinal0 [0x00F26E50+618064]
	Ordinal0 [0x00F1D114+577812]
	Ordinal0 [0x00F1D7DB+579547]
	Ordinal0 [0x00F1EA45+584261]
	Ordinal0 [0x00F19A71+563825]
	Ordinal0 [0x00F27FD0+622544]
	Ordinal0 [0x00EC6B2D+224045]
	Ordinal0 [0x00EC5BFC+220156]
	Ordinal0 [0x00EC181B+202779]
	Ordinal0 [0x00EA3D74+81268]
	Ordinal0 [0x00EA4D6E+85358]
	Ordinal0 [0x00EA4CF9+85241]
	Ordinal0 [0x010B6F2C+2256684]
	GetHandleVerifier [0x01342FAC+1478332]
	GetHandleVerifier [0x01342AFD+1477133]
	GetHandleVerifier [0x0134AAD8+1509864]
	GetHandleVerifier [0x0134369E+1480110]
	Ordinal0 [0x010AD6BD+2217661]
	Ordinal0 [0x010B89AB+2263467]
	Ordinal0 [0x010B8AEF+2263791]
	Ordinal0 [0x010CD363+2347875]
	BaseThreadInitThunk [0x752C6359+25]
	RtlGetAppContainerNamedObjectPath [0x77378944+228]
	RtlGetAppContainerNamedObjectPath [0x77378914+180]
">
      <![CDATA[org.openqa.selenium.SessionNotCreatedException: session not created
from chrome not reachable
  (Session info: chrome=87.0.4280.66)
Build info: version: '3.141.59', revision: 'e82be7d358', time: '2018-11-14T08:17:03'
System info: host: 'LAPTOP-2Q47I0S4', ip: '192.168.1.4', os.name: 'Windows 10', os.arch: 'amd64', os.version: '10.0', java.version: '11.0.8'
Driver info: driver.version: ChromeDriver
remote stacktrace: Backtrace:
Ordinal0 [0x011BECE3+3337443]
Ordinal0 [0x0109F041+2158657]
Ordinal0 [0x00F26E50+618064]
Ordinal0 [0x00F1D114+577812]
Ordinal0 [0x00F1D7DB+579547]
Ordinal0 [0x00F1EA45+584261]
Ordinal0 [0x00F19A71+563825]
Ordinal0 [0x00F27FD0+622544]
Ordinal0 [0x00EC6B2D+224045]
Ordinal0 [0x00EC5BFC+220156]
Ordinal0 [0x00EC181B+202779]
Ordinal0 [0x00EA3D74+81268]
Ordinal0 [0x00EA4D6E+85358]
Ordinal0 [0x00EA4CF9+85241]
Ordinal0 [0x010B6F2C+2256684]
GetHandleVerifier [0x01342FAC+1478332]
GetHandleVerifier [0x01342AFD+1477133]
GetHandleVerifier [0x0134AAD8+1509864]
GetHandleVerifier [0x0134369E+1480110]
Ordinal0 [0x010AD6BD+2217661]
Ordinal0 [0x010B89AB+2263467]
Ordinal0 [0x010B8AEF+2263791]
Ordinal0 [0x010CD363+2347875]
BaseThreadInitThunk [0x752C6359+25]
RtlGetAppContainerNamedObjectPath [0x77378944+228]
RtlGetAppContainerNamedObjectPath [0x77378914+180]

at org.openqa.selenium.remote.W3CHandshakeResponse.lambda$errorHandler$0(W3CHandshakeResponse.java:62)
at org.openqa.selenium.remote.HandshakeResponse.lambda$getResponseFunction$0(HandshakeResponse.java:30)
at org.openqa.selenium.remote.ProtocolHandshake.lambda$createSession$0(ProtocolHandshake.java:126)
at java.base/java.util.stream.ReferencePipeline$3$1.accept(ReferencePipeline.java:195)
at java.base/java.util.Spliterators$ArraySpliterator.tryAdvance(Spliterators.java:958)
at java.base/java.util.stream.ReferencePipeline.forEachWithCancel(ReferencePipeline.java:127)
at java.base/java.util.stream.AbstractPipeline.copyIntoWithCancel(AbstractPipeline.java:502)
at java.base/java.util.stream.AbstractPipeline.copyInto(AbstractPipeline.java:488)
at java.base/java.util.stream.AbstractPipeline.wrapAndCopyInto(AbstractPipeline.java:474)
at java.base/java.util.stream.FindOps$FindOp.evaluateSequential(FindOps.java:150)
at java.base/java.util.stream.AbstractPipeline.evaluate(AbstractPipeline.java:234)
at java.base/java.util.stream.ReferencePipeline.findFirst(ReferencePipeline.java:543)
at org.openqa.selenium.remote.ProtocolHandshake.createSession(ProtocolHandshake.java:128)
at org.openqa.selenium.remote.ProtocolHandshake.createSession(ProtocolHandshake.java:74)
at org.openqa.selenium.remote.HttpCommandExecutor.execute(HttpCommandExecutor.java:136)
at org.openqa.selenium.remote.service.DriverCommandExecutor.execute(DriverCommandExecutor.java:83)
at org.openqa.selenium.remote.RemoteWebDriver.execute(RemoteWebDriver.java:552)
at org.openqa.selenium.remote.RemoteWebDriver.startSession(RemoteWebDriver.java:213)
at org.openqa.selenium.remote.RemoteWebDriver.<init>(RemoteWebDriver.java:131)
at org.openqa.selenium.chrome.ChromeDriver.<init>(ChromeDriver.java:181)
at org.openqa.selenium.chrome.ChromeDriver.<init>(ChromeDriver.java:168)
at org.openqa.selenium.chrome.ChromeDriver.<init>(ChromeDriver.java:157)
at mavenProject.googleLogin.TestEnvironment.testEnvironment(TestEnvironment.java:44)
at java.base/java.util.ArrayList.forEach(ArrayList.java:1541)
... Removed 35 stack frames]]>
    </failure>
  </testcase> <!-- @BeforeMethod testEnvironment -->
  <testcase classname="mavenProject.googleLogin.TestEnvironment" name="@AfterMethod Endmethod" time="-1.606809567254E9">
    <skipped/>
  </testcase> <!-- @AfterMethod Endmethod -->
  <testcase classname="mavenProject.googleLogin.TestEnvironment" name="@BeforeMethod testEnvironment" time="-1.606809567257E9">
    <skipped/>
  </testcase> <!-- @BeforeMethod testEnvironment -->
  <testcase classname="mavenProject.googleLogin.TestEnvironment" name="@AfterMethod Endmethod" time="-1.606809567263E9">
    <skipped/>
  </testcase> <!-- @AfterMethod Endmethod -->
  <testcase classname="mavenProject.googleLogin.TestLoginGoogleAccountUsingTestNG_DifferentClasses" name="bothValid" time="0.013">
    <failure type="java.lang.NullPointerException">
      <![CDATA[java.lang.NullPointerException
at mavenProject.googleLogin.LoginPage.bothValid(LoginPage.java:54)
at mavenProject.googleLogin.TestLoginGoogleAccountUsingTestNG_DifferentClasses.bothValid(TestLoginGoogleAccountUsingTestNG_DifferentClasses.java:27)
at java.base/java.util.ArrayList.forEach(ArrayList.java:1541)
... Removed 27 stack frames]]>
    </failure>
  </testcase> <!-- bothValid -->
  <testcase classname="mavenProject.googleLogin.TestLoginGoogleAccountUsingTestNG_DifferentClasses" name="invalidpassword" time="0.001">
    <failure type="java.lang.NullPointerException">
      <![CDATA[java.lang.NullPointerException
at mavenProject.googleLogin.LoginPage.invalidPassword(LoginPage.java:72)
at mavenProject.googleLogin.TestLoginGoogleAccountUsingTestNG_DifferentClasses.invalidpassword(TestLoginGoogleAccountUsingTestNG_DifferentClasses.java:38)
at java.base/java.util.ArrayList.forEach(ArrayList.java:1541)
... Removed 27 stack frames]]>
    </failure>
  </testcase> <!-- invalidpassword -->
  <testcase classname="mavenProject.googleLogin.TestLoginGoogleAccountUsingTestNG_DifferentClasses" name="invalidUsername" time="0.0">
    <skipped/>
  </testcase> <!-- invalidUsername -->
  <testcase classname="mavenProject.googleLogin.TestLoginGoogleAccountUsingTestNG_DifferentClasses" name="bothInvalid" time="0.0">
    <skipped/>
  </testcase> <!-- bothInvalid -->
  <testcase classname="mavenProject.googleLogin.TestLoginGoogleAccountUsingTestNG_DifferentClasses" name="clickNextPassword" time="0.0">
    <ignored/>
  </testcase> <!-- clickNextPassword -->
  <testcase classname="mavenProject.googleLogin.TestLoginGoogleAccountUsingTestNG_DifferentClasses" name="clickNextUsername" time="0.0">
    <ignored/>
  </testcase> <!-- clickNextUsername -->
</testsuite> <!-- Test -->
