<?xml version="1.0" encoding="UTF-8"?>
<!-- Generated by org.testng.reporters.JUnitXMLReporter -->
<testsuite ignored="2" hostname="LAPTOP-2Q47I0S4" failures="0" tests="4" name="Test" time="0.2" errors="0" timestamp="2020-11-30T18:26:24 IST">
  <testcase classname="mavenProject.googleLogin.TestEnvironment" name="@BeforeSuite testEnvironment" time="-1.606740984048E9">
    <failure type="org.testng.TestNGException" message="
Parameter &amp;apos;option&amp;apos; is required by BeforeSuite on method testEnvironment but has not been marked @Optional or defined
in C:\Users\Com\eclipse-workspace\googleLogin\testng1.xml">
      <![CDATA[org.testng.TestNGException: 
Parameter 'option' is required by BeforeSuite on method testEnvironment but has not been marked @Optional or defined
in C:\Users\Com\eclipse-workspace\googleLogin\testng1.xml
... Removed 16 stack frames]]>
    </failure>
  </testcase> <!-- @BeforeSuite testEnvironment -->
  <testcase classname="mavenProject.googleLogin.TestLoginGoogleAccountUsingTestNG_DifferentClasses" name="bothValid" time="0.0">
    <skipped/>
  </testcase> <!-- bothValid -->
  <testcase classname="mavenProject.googleLogin.TestLoginGoogleAccountUsingTestNG_DifferentClasses" name="invalidpassword" time="0.0">
    <skipped/>
  </testcase> <!-- invalidpassword -->
  <testcase classname="mavenProject.googleLogin.TestLoginGoogleAccountUsingTestNG_DifferentClasses" name="invalidUsername" time="0.0">
    <skipped/>
  </testcase> <!-- invalidUsername -->
  <testcase classname="mavenProject.googleLogin.TestLoginGoogleAccountUsingTestNG_DifferentClasses" name="bothInvalid" time="0.0">
    <skipped/>
  </testcase> <!-- bothInvalid -->
  <testcase classname="mavenProject.googleLogin.TestLoginGoogleAccountUsingTestNG_DifferentClasses" name="clickNextPassword" time="0.0">
    <ignored/>
  </testcase> <!-- clickNextPassword -->
  <testcase classname="mavenProject.googleLogin.TestLoginGoogleAccountUsingTestNG_DifferentClasses" name="clickNextUsername" time="0.0">
    <ignored/>
  </testcase> <!-- clickNextUsername -->
</testsuite> <!-- Test -->
